-------------------------------------------------------------------------------
Test set: com.Marsh.Homepage.Integration.HomepageApplicationIntegrationTests
-------------------------------------------------------------------------------
Tests run: 1, Failures: 1, Errors: 0, Skipped: 0, Time elapsed: 0.721 s <<< FAILURE! - in com.Marsh.Homepage.Integration.HomepageApplicationIntegrationTests
getHello  Time elapsed: 0.234 s  <<< FAILURE!
org.opentest4j.AssertionFailedError: 

expected: "Greetings from Spring Boot!
"
 but was: "<!DOCTYPE HTML>
<html xmlns:layout="http://www.ultraq.net.nz/thymeleaf/layout"
      layout:decorate="~{layouts/default}">

<head>
<title>EventLite Home</title>
<meta http-equiv="Content-Type" content="text/html; charset=UTF-8" />
</head>
<body>
<p>Hello World!</p>
</body>
</html>"
	at com.Marsh.Homepage.Integration.HomepageApplicationIntegrationTests.getHello(HomepageApplicationIntegrationTests.java:20)

