<?xml version="1.0" encoding="UTF-8"?>
<testsuite xmlns:xsi="http://www.w3.org/2001/XMLSchema-instance" xsi:noNamespaceSchemaLocation="https://maven.apache.org/surefire/maven-surefire-plugin/xsd/surefire-test-report.xsd" name="com.Marsh.Homepage.Integration.HomepageApplicationIntegrationTests" time="0.721" tests="1" errors="0" skipped="0" failures="1">
  <properties>
[...]
</properties>
  <testcase name="getHello" classname="com.Marsh.Homepage.Integration.HomepageApplicationIntegrationTests" time="0.234">
    <failure message="&#10;expected: &quot;Greetings from Spring Boot!&#10;&quot;&#10; but was: &quot;&lt;!DOCTYPE HTML&gt;&#10;&lt;html xmlns:layout=&quot;http://www.ultraq.net.nz/thymeleaf/layout&quot;&#10;      layout:decorate=&quot;~{layouts/default}&quot;&gt;&#10;&#10;&lt;head&gt;&#10;&lt;title&gt;EventLite Home&lt;/title&gt;&#10;&lt;meta http-equiv=&quot;Content-Type&quot; content=&quot;text/html; charset=UTF-8&quot; /&gt;&#10;&lt;/head&gt;&#10;&lt;body&gt;&#10;&lt;p&gt;Hello World!&lt;/p&gt;&#10;&lt;/body&gt;&#10;&lt;/html&gt;&quot;" type="org.opentest4j.AssertionFailedError"><![CDATA[org.opentest4j.AssertionFailedError: 

expected: "Greetings from Spring Boot!
"
 but was: "<!DOCTYPE HTML>
<html xmlns:layout="http://www.ultraq.net.nz/thymeleaf/layout"
      layout:decorate="~{layouts/default}">

<head>
<title>EventLite Home</title>
<meta http-equiv="Content-Type" content="text/html; charset=UTF-8" />
</head>
<body>
<p>Hello World!</p>
</body>
</html>"
	at com.Marsh.Homepage.Integration.HomepageApplicationIntegrationTests.getHello(HomepageApplicationIntegrationTests.java:20)
]]></failure>
    <system-out><![CDATA[2021-09-20 01:47:12.536  INFO 45513 --- [           main] .b.t.c.SpringBootTestContextBootstrapper : Neither @ContextConfiguration nor @ContextHierarchy found for test class [com.Marsh.Homepage.Integration.HomepageApplicationIntegrationTests], using SpringBootContextLoader
2021-09-20 01:47:12.536  INFO 45513 --- [           main] o.s.t.c.support.AbstractContextLoader    : Could not detect default resource locations for test class [com.Marsh.Homepage.Integration.HomepageApplicationIntegrationTests]: no resource found for suffixes {-context.xml, Context.groovy}.
2021-09-20 01:47:12.536  INFO 45513 --- [           main] t.c.s.AnnotationConfigContextLoaderUtils : Could not detect default configuration classes for test class [com.Marsh.Homepage.Integration.HomepageApplicationIntegrationTests]: HomepageApplicationIntegrationTests does not declare any static, non-private, non-final, nested classes annotated with @Configuration.
2021-09-20 01:47:12.539  INFO 45513 --- [           main] .b.t.c.SpringBootTestContextBootstrapper : Found @SpringBootConfiguration com.Marsh.Homepage.HomepageApplication for test class com.Marsh.Homepage.Integration.HomepageApplicationIntegrationTests
2021-09-20 01:47:12.540  INFO 45513 --- [           main] .b.t.c.SpringBootTestContextBootstrapper : Loaded default TestExecutionListener class names from location [META-INF/spring.factories]: [org.springframework.boot.test.mock.mockito.MockitoTestExecutionListener, org.springframework.boot.test.mock.mockito.ResetMocksTestExecutionListener, org.springframework.boot.test.autoconfigure.restdocs.RestDocsTestExecutionListener, org.springframework.boot.test.autoconfigure.web.client.MockRestServiceServerResetTestExecutionListener, org.springframework.boot.test.autoconfigure.web.servlet.MockMvcPrintOnlyOnFailureTestExecutionListener, org.springframework.boot.test.autoconfigure.web.servlet.WebDriverTestExecutionListener, org.springframework.boot.test.autoconfigure.webservices.client.MockWebServiceServerTestExecutionListener, org.springframework.test.context.web.ServletTestExecutionListener, org.springframework.test.context.support.DirtiesContextBeforeModesTestExecutionListener, org.springframework.test.context.event.ApplicationEventsTestExecutionListener, org.springframework.test.context.support.DependencyInjectionTestExecutionListener, org.springframework.test.context.support.DirtiesContextTestExecutionListener, org.springframework.test.context.transaction.TransactionalTestExecutionListener, org.springframework.test.context.jdbc.SqlScriptsTestExecutionListener, org.springframework.test.context.event.EventPublishingTestExecutionListener]
2021-09-20 01:47:12.540  INFO 45513 --- [           main] .b.t.c.SpringBootTestContextBootstrapper : Using TestExecutionListeners: [org.springframework.test.context.web.ServletTestExecutionListener@7fe07361, org.springframework.test.context.support.DirtiesContextBeforeModesTestExecutionListener@741ac284, org.springframework.test.context.event.ApplicationEventsTestExecutionListener@4ef4f627, org.springframework.boot.test.mock.mockito.MockitoTestExecutionListener@4ea56bdb, org.springframework.boot.test.autoconfigure.SpringBootDependencyInjectionTestExecutionListener@32227215, org.springframework.test.context.support.DirtiesContextTestExecutionListener@108e9837, org.springframework.test.context.event.EventPublishingTestExecutionListener@79a201cf, org.springframework.boot.test.mock.mockito.ResetMocksTestExecutionListener@1cbc5693, org.springframework.boot.test.autoconfigure.restdocs.RestDocsTestExecutionListener@3d2f3dcb, org.springframework.boot.test.autoconfigure.web.client.MockRestServiceServerResetTestExecutionListener@59845579, org.springframework.boot.test.autoconfigure.web.servlet.MockMvcPrintOnlyOnFailureTestExecutionListener@30c19bff, org.springframework.boot.test.autoconfigure.web.servlet.WebDriverTestExecutionListener@4e375bba, org.springframework.boot.test.autoconfigure.webservices.client.MockWebServiceServerTestExecutionListener@ab2e6d2]

  .   ____          _            __ _ _
 /\\ / ___'_ __ _ _(_)_ __  __ _ \ \ \ \
( ( )\___ | '_ | '_| | '_ \/ _` | \ \ \ \
 \\/  ___)| |_)| | | | | || (_| |  ) ) ) )
  '  |____| .__|_| |_|_| |_\__, | / / / /
 =========|_|==============|___/=/_/_/_/
 :: Spring Boot ::             (v2.6.0-M2)

2021-09-20 01:47:12.581  INFO 45513 --- [           main] .H.I.HomepageApplicationIntegrationTests : Starting HomepageApplicationIntegrationTests using Java 11.0.11 on finlay with PID 45513 (started by finlay in /home/finlay/ProgrammingProjects/Homepage)
2021-09-20 01:47:12.582  INFO 45513 --- [           main] .H.I.HomepageApplicationIntegrationTests : No active profile set, falling back to default profiles: default
2021-09-20 01:47:12.798  INFO 45513 --- [           main] o.s.b.w.embedded.tomcat.TomcatWebServer  : Tomcat initialized with port(s): 0 (http)
2021-09-20 01:47:12.806  INFO 45513 --- [           main] o.apache.catalina.core.StandardService   : Starting service [Tomcat]
2021-09-20 01:47:12.806  INFO 45513 --- [           main] org.apache.catalina.core.StandardEngine  : Starting Servlet engine: [Apache Tomcat/9.0.52]
2021-09-20 01:47:12.862  INFO 45513 --- [           main] o.a.c.c.C.[Tomcat].[localhost].[/]       : Initializing Spring embedded WebApplicationContext
2021-09-20 01:47:12.862  INFO 45513 --- [           main] w.s.c.ServletWebServerApplicationContext : Root WebApplicationContext: initialization completed in 278 ms
2021-09-20 01:47:12.951  INFO 45513 --- [           main] o.s.b.a.w.s.WelcomePageHandlerMapping    : Adding welcome page template: index
2021-09-20 01:47:13.030  INFO 45513 --- [           main] o.s.b.w.embedded.tomcat.TomcatWebServer  : Tomcat started on port(s): 42741 (http) with context path ''
2021-09-20 01:47:13.032  INFO 45513 --- [           main] .H.I.HomepageApplicationIntegrationTests : Started HomepageApplicationIntegrationTests in 0.49 seconds (JVM running for 2.122)
2021-09-20 01:47:13.102  INFO 45513 --- [o-auto-1-exec-1] o.a.c.c.C.[Tomcat].[localhost].[/]       : Initializing Spring DispatcherServlet 'dispatcherServlet'
2021-09-20 01:47:13.103  INFO 45513 --- [o-auto-1-exec-1] o.s.web.servlet.DispatcherServlet        : Initializing Servlet 'dispatcherServlet'
2021-09-20 01:47:13.104  INFO 45513 --- [o-auto-1-exec-1] o.s.web.servlet.DispatcherServlet        : Completed initialization in 1 ms
oioi
]]></system-out>
  </testcase>
</testsuite>