-------------------------------------------------------------------------------
Test set: com.Marsh.Homepage.PostControllerUnitTests
-------------------------------------------------------------------------------
Tests run: 1, Failures: 1, Errors: 0, Skipped: 0, Time elapsed: 2.771 s <<< FAILURE! - in com.Marsh.Homepage.PostControllerUnitTests
getHello  Time elapsed: 0.175 s  <<< FAILURE!
java.lang.AssertionError: View name expected:<index.html> but was:<index>
	at com.Marsh.Homepage.PostControllerUnitTests.getHello(PostControllerApiUnitTests.java:27)

